A51 MACRO ASSEMBLER  DE20                                                                 01/08/2018 01:05:15 PAGE     1


MACRO ASSEMBLER A51 V8.2.5.0
OBJECT MODULE PLACED IN .\Objects\de20.obj
ASSEMBLER INVOKED BY: F:\keil C5\C51\BIN\A51.EXE de20.a51 SET(SMALL) DEBUG PRINT(.\Listings\de20.lst) OBJECT(.\Objects\d
                      e20.obj) EP

LOC  OBJ            LINE     SOURCE

0000                   1     ORG 0000H

0000 020030            2             LJMP MAIN

                       3             

0030                   4     ORG 0030H

0030                   5     MAIN:

0030 7940              6             MOV R1, #40H

0032 7855              7             MOV R0, #55H

0034 7B01              8             MOV R3, #1

                       9     

0036 1138             10             ACALL TINH_TOAN

                      11     

                      12     ;--------------------

0038                  13     TINH_TOAN:

0038 C0E0             14     PUSH ACC

003A C0F0             15     PUSH B

                      16     

  0030                17     N                       EQU 30H         ; luu so luong BCD can tinh toan

  0031                18     N_BYTE          EQU 31H         ; luu so byte bieu dien 1 so BCD

  0032                19     TEMP_R0         EQU 32H         ; luu dia chi chua trong R0

                      20             

003C 75300A           21     MOV N, #10      

003F 8B31             22     MOV N_BYTE, R3

0041 8832             23     MOV TEMP_R0, R0

                      24     

                      25     ; lay so byte bieu dien 1 so BCD

                      26     ; ban dau R3 chua so cac chu so BCD: vd 124BCD chua 3 ky tu -> can 2 byte de bieu dien

0043 EB               27     MOV A, R3

0044 75F002           28     MOV B, #2

0047 84               29     DIV AB

0048 25F0             30     ADD A,B

004A 2401             31     ADD A, #1               ; + 1 byte de luu truong hop tran so

004C FB               32     MOV R3, A

                      33     

                      34     ; mang ket qua ban dau = 0

                      35     ; mang gom : 2N byte

004D                  36     CLR_R0:

004D 7600             37             MOV @R0, #0

004F 08               38             INC R0

0050 7600             39             MOV @R0, #0

0052 08               40             INC R0

0053 D531F7           41             DJNZ N_BYTE, CLR_R0

                      42             

                      43     ; cong 10 so BCD

0056                  44     ADD_BCD:        

0056 A832             45             MOV R0, TEMP_R0

0058 8B31             46             MOV N_BYTE, R3

005A                  47             LOOP:

005A C3               48                     CLR C

005B E7               49                     MOV A, @R1                      ; lay du lieu tu so BCD

005C 36               50                     ADDC A, @R0                     ; A = @R0+ @R1 + C

005D D4               51                     DA A                            ; chuyen ve dang BCD

005E F6               52                     MOV @R0, A                      ; chuyen vao vi tri lu ket qua tuong ung

                      53                     

005F 08               54                     INC R0                          ; moi ket qua cach nhau 1 byte trong

0060 08               55                     INC R0                          ; chuyen den vi tri luu ket qua tiep theo

0061 09               56                     INC R1                          ; tro den tung byte cua mang du lieu

                      57                     

A51 MACRO ASSEMBLER  DE20                                                                 01/08/2018 01:05:15 PAGE     2

0062 D531F5           58                     DJNZ N_BYTE, LOOP       ; cong het n_byte cua 1 BCD chua?

0065 D530EE           59                     DJNZ N, ADD_BCD         ; cong du 10 so chua?

                      60     

                      61     ; chuyen ket qua tu dang BCD sang dang ASCII

0068 A832             62     MOV R0, TEMP_R0

006A 8B31             63     MOV N_BYTE, R3

006C                  64     TO_ASCII:

006C E8               65             MOV A, R0

006D F532             66             MOV TEMP_R0, A                  ; temp_r0 de luu lai gia tri trong R0

                      67             ; chuyen nibble low ve ascii

006F 540F             68             ANL A, #0FH

0071 2430             69             ADD A, #'0'

0073 F6               70             MOV @R0,A

0074 08               71             INC R0

0075 E532             72             MOV A, TEMP_R0                  ; lay gia tri cu cua R0 = temp_r0

0077 C4               73             SWAP A

                      74             ; chuyen nibble high ve ascii

0078 540F             75             ANL A, #0FH

007A 2430             76             ADD A, #'0'

007C F6               77             MOV @R0,A

007D 08               78             INC R0

007E D531EB           79             DJNZ N_BYTE, TO_ASCII   ; chuyen doi het N-BYTE ket qua chua?

                      80             

0081 D0F0             81     POP B

0083 D0E0             82     POP ACC

0085 22               83     RET

                      84     

                      85     END

A51 MACRO ASSEMBLER  DE20                                                                 01/08/2018 01:05:15 PAGE     3

SYMBOL TABLE LISTING
------ ----- -------


N A M E             T Y P E  V A L U E   ATTRIBUTES

ACC. . . . . . . .  D ADDR   00E0H   A   
ADD_BCD. . . . . .  C ADDR   0056H   A   
B. . . . . . . . .  D ADDR   00F0H   A   
CLR_R0 . . . . . .  C ADDR   004DH   A   
LOOP . . . . . . .  C ADDR   005AH   A   
MAIN . . . . . . .  C ADDR   0030H   A   
N. . . . . . . . .  N NUMB   0030H   A   
N_BYTE . . . . . .  N NUMB   0031H   A   
TEMP_R0. . . . . .  N NUMB   0032H   A   
TINH_TOAN. . . . .  C ADDR   0038H   A   
TO_ASCII . . . . .  C ADDR   006CH   A   


REGISTER BANK(S) USED: 0 


ASSEMBLY COMPLETE.  0 WARNING(S), 0 ERROR(S)
