A51 MACRO ASSEMBLER  DE19                                                                 01/07/2018 10:50:51 PAGE     1


MACRO ASSEMBLER A51 V8.2.5.0
OBJECT MODULE PLACED IN .\Objects\de19.obj
ASSEMBLER INVOKED BY: F:\keil C5\C51\BIN\A51.EXE de19.a51 SET(SMALL) DEBUG PRINT(.\Listings\de19.lst) OBJECT(.\Objects\d
                      e19.obj) EP

LOC  OBJ            LINE     SOURCE

0000                   1     ORG 0000H

0000 020030            2             LJMP MAIN

                       3             

0030                   4     ORG 0030H

0030                   5     MAIN:

0030 1132              6             ACALL SWAP_N

                       7             

                       8     

0032                   9     SWAP_N:

0032 C0E0             10             PUSH ACC

                      11             

0034                  12             LOOP:

0034 E0               13                     MOVX A, @DPTR

0035 C4               14                     SWAP A

0036 F0               15                     MOVX @DPTR, A

0037 A3               16                     INC DPTR

0038 DBFA             17             DJNZ R3, LOOP

                      18     

003A D0E0             19             POP ACC

003C 22               20     RET

                      21     

                      22     END

                                             

A51 MACRO ASSEMBLER  DE19                                                                 01/07/2018 10:50:51 PAGE     2

SYMBOL TABLE LISTING
------ ----- -------


N A M E             T Y P E  V A L U E   ATTRIBUTES

ACC. . . . . . . .  D ADDR   00E0H   A   
LOOP . . . . . . .  C ADDR   0034H   A   
MAIN . . . . . . .  C ADDR   0030H   A   
SWAP_N . . . . . .  C ADDR   0032H   A   


REGISTER BANK(S) USED: 0 


ASSEMBLY COMPLETE.  0 WARNING(S), 0 ERROR(S)
